2023-01-11 12:45:15 WaitDialog [DEBUG] method showDialog invoked in EDT
java.lang.Throwable
	at de.cismet.verdis.gui.WaitDialog.inEDT(WaitDialog.java:474)
	at de.cismet.verdis.gui.WaitDialog.showDialog(WaitDialog.java:443)
	at de.cismet.verdis.gui.WaitDialog.showDialog(WaitDialog.java:395)
	at de.cismet.verdis.gui.Main.cmdEditModeActionPerformed(Main.java:3947)
	at de.cismet.verdis.gui.Main.access$3800(Main.java:284)
	at de.cismet.verdis.gui.Main$25.actionPerformed(Main.java:2377)
	at javax.swing.AbstractButton.fireActionPerformed(AbstractButton.java:2022)
	at javax.swing.AbstractButton$Handler.actionPerformed(AbstractButton.java:2348)
	at javax.swing.DefaultButtonModel.fireActionPerformed(DefaultButtonModel.java:402)
	at javax.swing.DefaultButtonModel.setPressed(DefaultButtonModel.java:259)
	at javax.swing.plaf.basic.BasicButtonListener.mouseReleased(BasicButtonListener.java:262)
	at java.awt.AWTEventMulticaster.mouseReleased(AWTEventMulticaster.java:289)
	at java.awt.Component.processMouseEvent(Component.java:6539)
	at javax.swing.JComponent.processMouseEvent(JComponent.java:3318)
	at java.awt.Component.processEvent(Component.java:6304)
	at java.awt.Container.processEvent(Container.java:2239)
	at java.awt.Component.dispatchEventImpl(Component.java:4889)
	at java.awt.Container.dispatchEventImpl(Container.java:2297)
	at java.awt.Component.dispatchEvent(Component.java:4711)
	at java.awt.LightweightDispatcher.retargetMouseEvent(Container.java:4904)
	at java.awt.LightweightDispatcher.processMouseEvent(Container.java:4535)
	at java.awt.LightweightDispatcher.dispatchEvent(Container.java:4476)
	at java.awt.Container.dispatchEventImpl(Container.java:2283)
	at java.awt.Window.dispatchEventImpl(Window.java:2746)
	at java.awt.Component.dispatchEvent(Component.java:4711)
	at java.awt.EventQueue.dispatchEventImpl(EventQueue.java:760)
	at java.awt.EventQueue.access$500(EventQueue.java:97)
	at java.awt.EventQueue$3.run(EventQueue.java:709)
	at java.awt.EventQueue$3.run(EventQueue.java:703)
	at java.security.AccessController.doPrivileged(Native Method)
	at java.security.ProtectionDomain$JavaSecurityAccessImpl.doIntersectionPrivilege(ProtectionDomain.java:74)
	at java.security.ProtectionDomain$JavaSecurityAccessImpl.doIntersectionPrivilege(ProtectionDomain.java:84)
	at java.awt.EventQueue$4.run(EventQueue.java:733)
	at java.awt.EventQueue$4.run(EventQueue.java:731)
	at java.security.AccessController.doPrivileged(Native Method)
	at java.security.ProtectionDomain$JavaSecurityAccessImpl.doIntersectionPrivilege(ProtectionDomain.java:74)
	at java.awt.EventQueue.dispatchEvent(EventQueue.java:730)
	at java.awt.EventDispatchThread.pumpOneEventForFilters(EventDispatchThread.java:205)
	at java.awt.EventDispatchThread.pumpEventsForFilter(EventDispatchThread.java:116)
	at java.awt.EventDispatchThread.pumpEventsForHierarchy(EventDispatchThread.java:105)
	at java.awt.EventDispatchThread.pumpEvents(EventDispatchThread.java:101)
	at java.awt.EventDispatchThread.pumpEvents(EventDispatchThread.java:93)
	at java.awt.EventDispatchThread.run(EventDispatchThread.java:82)
2023-01-11 12:45:15 WaitDialog [DEBUG] method startCheckCrosslinks invoked outside EDT
java.lang.Throwable
	at de.cismet.verdis.gui.WaitDialog.inEDT(WaitDialog.java:474)
	at de.cismet.verdis.gui.WaitDialog.startCheckCrosslinks(WaitDialog.java:281)
	at de.cismet.verdis.CidsAppBackend.acquireLock(CidsAppBackend.java:1029)
	at de.cismet.verdis.CidsAppBackend.acquireLocks(CidsAppBackend.java:986)
	at de.cismet.verdis.gui.Main.acquireLocks(Main.java:3995)
	at de.cismet.verdis.gui.Main$79.doInBackground(Main.java:3958)
	at de.cismet.verdis.gui.Main$79.doInBackground(Main.java:3948)
	at javax.swing.SwingWorker$1.call(SwingWorker.java:295)
	at java.util.concurrent.FutureTask.run(FutureTask.java:266)
	at javax.swing.SwingWorker.run(SwingWorker.java:334)
	at java.util.concurrent.ThreadPoolExecutor.runWorker(ThreadPoolExecutor.java:1149)
	at java.util.concurrent.ThreadPoolExecutor$Worker.run(ThreadPoolExecutor.java:624)
	at java.lang.Thread.run(Thread.java:750)
2023-01-11 12:45:15 WaitDialog [DEBUG] method startCheckLocks invoked outside EDT
java.lang.Throwable
	at de.cismet.verdis.gui.WaitDialog.inEDT(WaitDialog.java:474)
	at de.cismet.verdis.gui.WaitDialog.startCheckLocks(WaitDialog.java:315)
	at de.cismet.verdis.CidsAppBackend.acquireLock(CidsAppBackend.java:1057)
	at de.cismet.verdis.CidsAppBackend.acquireLocks(CidsAppBackend.java:986)
	at de.cismet.verdis.gui.Main.acquireLocks(Main.java:3995)
	at de.cismet.verdis.gui.Main$79.doInBackground(Main.java:3958)
	at de.cismet.verdis.gui.Main$79.doInBackground(Main.java:3948)
	at javax.swing.SwingWorker$1.call(SwingWorker.java:295)
	at java.util.concurrent.FutureTask.run(FutureTask.java:266)
	at javax.swing.SwingWorker.run(SwingWorker.java:334)
	at java.util.concurrent.ThreadPoolExecutor.runWorker(ThreadPoolExecutor.java:1149)
	at java.util.concurrent.ThreadPoolExecutor$Worker.run(ThreadPoolExecutor.java:624)
	at java.lang.Thread.run(Thread.java:750)
2023-01-11 12:45:15 WaitDialog [DEBUG] method startLockOrRelease invoked outside EDT
java.lang.Throwable
	at de.cismet.verdis.gui.WaitDialog.inEDT(WaitDialog.java:474)
	at de.cismet.verdis.gui.WaitDialog.startLockOrRelease(WaitDialog.java:335)
	at de.cismet.verdis.CidsAppBackend.acquireLock(CidsAppBackend.java:1079)
	at de.cismet.verdis.CidsAppBackend.acquireLocks(CidsAppBackend.java:986)
	at de.cismet.verdis.gui.Main.acquireLocks(Main.java:3995)
	at de.cismet.verdis.gui.Main$79.doInBackground(Main.java:3958)
	at de.cismet.verdis.gui.Main$79.doInBackground(Main.java:3948)
	at javax.swing.SwingWorker$1.call(SwingWorker.java:295)
	at java.util.concurrent.FutureTask.run(FutureTask.java:266)
	at javax.swing.SwingWorker.run(SwingWorker.java:334)
	at java.util.concurrent.ThreadPoolExecutor.runWorker(ThreadPoolExecutor.java:1149)
	at java.util.concurrent.ThreadPoolExecutor$Worker.run(ThreadPoolExecutor.java:624)
	at java.lang.Thread.run(Thread.java:750)
2023-01-11 12:45:16 WaitDialog [DEBUG] method progressLockOrRelease invoked outside EDT
java.lang.Throwable
	at de.cismet.verdis.gui.WaitDialog.inEDT(WaitDialog.java:474)
	at de.cismet.verdis.gui.WaitDialog.progressLockOrRelease(WaitDialog.java:358)
	at de.cismet.verdis.CidsAppBackend.acquireLock(CidsAppBackend.java:1108)
	at de.cismet.verdis.CidsAppBackend.acquireLocks(CidsAppBackend.java:986)
	at de.cismet.verdis.gui.Main.acquireLocks(Main.java:3995)
	at de.cismet.verdis.gui.Main$79.doInBackground(Main.java:3958)
	at de.cismet.verdis.gui.Main$79.doInBackground(Main.java:3948)
	at javax.swing.SwingWorker$1.call(SwingWorker.java:295)
	at java.util.concurrent.FutureTask.run(FutureTask.java:266)
	at javax.swing.SwingWorker.run(SwingWorker.java:334)
	at java.util.concurrent.ThreadPoolExecutor.runWorker(ThreadPoolExecutor.java:1149)
	at java.util.concurrent.ThreadPoolExecutor$Worker.run(ThreadPoolExecutor.java:624)
	at java.lang.Thread.run(Thread.java:750)
2023-01-11 12:45:16 WaitDialog [DEBUG] method progressLockOrRelease invoked outside EDT
java.lang.Throwable
	at de.cismet.verdis.gui.WaitDialog.inEDT(WaitDialog.java:474)
	at de.cismet.verdis.gui.WaitDialog.progressLockOrRelease(WaitDialog.java:358)
	at de.cismet.verdis.CidsAppBackend.acquireLock(CidsAppBackend.java:1111)
	at de.cismet.verdis.CidsAppBackend.acquireLocks(CidsAppBackend.java:986)
	at de.cismet.verdis.gui.Main.acquireLocks(Main.java:3995)
	at de.cismet.verdis.gui.Main$79.doInBackground(Main.java:3958)
	at de.cismet.verdis.gui.Main$79.doInBackground(Main.java:3948)
	at javax.swing.SwingWorker$1.call(SwingWorker.java:295)
	at java.util.concurrent.FutureTask.run(FutureTask.java:266)
	at javax.swing.SwingWorker.run(SwingWorker.java:334)
	at java.util.concurrent.ThreadPoolExecutor.runWorker(ThreadPoolExecutor.java:1149)
	at java.util.concurrent.ThreadPoolExecutor$Worker.run(ThreadPoolExecutor.java:624)
	at java.lang.Thread.run(Thread.java:750)
2023-01-11 12:45:19 WaitDialog [DEBUG] method closeDialog invoked in EDT
java.lang.Throwable
	at de.cismet.verdis.gui.WaitDialog.inEDT(WaitDialog.java:474)
	at de.cismet.verdis.gui.WaitDialog.closeDialog(WaitDialog.java:378)
	at de.cismet.verdis.gui.Main$79.done(Main.java:3981)
	at javax.swing.SwingWorker$5.run(SwingWorker.java:737)
	at javax.swing.SwingWorker$DoSubmitAccumulativeRunnable.run(SwingWorker.java:832)
	at sun.swing.AccumulativeRunnable.run(AccumulativeRunnable.java:112)
	at javax.swing.SwingWorker$DoSubmitAccumulativeRunnable.actionPerformed(SwingWorker.java:842)
	at javax.swing.Timer.fireActionPerformed(Timer.java:313)
	at javax.swing.Timer$DoPostEvent.run(Timer.java:245)
	at java.awt.event.InvocationEvent.dispatch(InvocationEvent.java:311)
	at java.awt.EventQueue.dispatchEventImpl(EventQueue.java:758)
	at java.awt.EventQueue.access$500(EventQueue.java:97)
	at java.awt.EventQueue$3.run(EventQueue.java:709)
	at java.awt.EventQueue$3.run(EventQueue.java:703)
	at java.security.AccessController.doPrivileged(Native Method)
	at java.security.ProtectionDomain$JavaSecurityAccessImpl.doIntersectionPrivilege(ProtectionDomain.java:74)
	at java.awt.EventQueue.dispatchEvent(EventQueue.java:728)
	at java.awt.EventDispatchThread.pumpOneEventForFilters(EventDispatchThread.java:205)
	at java.awt.EventDispatchThread.pumpEventsForFilter(EventDispatchThread.java:116)
	at java.awt.EventDispatchThread.pumpEventsForFilter(EventDispatchThread.java:109)
	at java.awt.WaitDispatchSupport$2.run(WaitDispatchSupport.java:190)
	at java.awt.WaitDispatchSupport$4.run(WaitDispatchSupport.java:235)
	at java.awt.WaitDispatchSupport$4.run(WaitDispatchSupport.java:233)
	at java.security.AccessController.doPrivileged(Native Method)
	at java.awt.WaitDispatchSupport.enter(WaitDispatchSupport.java:233)
	at java.awt.Dialog.show(Dialog.java:1084)
	at java.awt.Component.show(Component.java:1671)
	at java.awt.Component.setVisible(Component.java:1623)
	at java.awt.Window.setVisible(Window.java:1014)
	at java.awt.Dialog.setVisible(Dialog.java:1005)
	at de.cismet.verdis.gui.WaitDialog$15$1.run(WaitDialog.java:458)
	at java.awt.event.InvocationEvent.dispatch(InvocationEvent.java:311)
	at java.awt.EventQueue.dispatchEventImpl(EventQueue.java:758)
	at java.awt.EventQueue.access$500(EventQueue.java:97)
	at java.awt.EventQueue$3.run(EventQueue.java:709)
	at java.awt.EventQueue$3.run(EventQueue.java:703)
	at java.security.AccessController.doPrivileged(Native Method)
	at java.security.ProtectionDomain$JavaSecurityAccessImpl.doIntersectionPrivilege(ProtectionDomain.java:74)
	at java.awt.EventQueue.dispatchEvent(EventQueue.java:728)
	at java.awt.EventDispatchThread.pumpOneEventForFilters(EventDispatchThread.java:205)
	at java.awt.EventDispatchThread.pumpEventsForFilter(EventDispatchThread.java:116)
	at java.awt.EventDispatchThread.pumpEventsForHierarchy(EventDispatchThread.java:105)
	at java.awt.EventDispatchThread.pumpEvents(EventDispatchThread.java:101)
	at java.awt.EventDispatchThread.pumpEvents(EventDispatchThread.java:93)
	at java.awt.EventDispatchThread.run(EventDispatchThread.java:82)
2023-01-11 12:45:22 WaitDialog [DEBUG] method showDialog invoked in EDT
java.lang.Throwable
	at de.cismet.verdis.gui.WaitDialog.inEDT(WaitDialog.java:474)
	at de.cismet.verdis.gui.WaitDialog.showDialog(WaitDialog.java:443)
	at de.cismet.verdis.gui.WaitDialog.showDialog(WaitDialog.java:395)
	at de.cismet.verdis.gui.Main.cmdCancelActionPerformed(Main.java:3917)
	at de.cismet.verdis.gui.Main.access$3900(Main.java:284)
	at de.cismet.verdis.gui.Main$26.actionPerformed(Main.java:2390)
	at javax.swing.AbstractButton.fireActionPerformed(AbstractButton.java:2022)
	at javax.swing.AbstractButton$Handler.actionPerformed(AbstractButton.java:2348)
	at javax.swing.DefaultButtonModel.fireActionPerformed(DefaultButtonModel.java:402)
	at javax.swing.DefaultButtonModel.setPressed(DefaultButtonModel.java:259)
	at javax.swing.plaf.basic.BasicButtonListener.mouseReleased(BasicButtonListener.java:262)
	at java.awt.AWTEventMulticaster.mouseReleased(AWTEventMulticaster.java:289)
	at java.awt.Component.processMouseEvent(Component.java:6539)
	at javax.swing.JComponent.processMouseEvent(JComponent.java:3318)
	at java.awt.Component.processEvent(Component.java:6304)
	at java.awt.Container.processEvent(Container.java:2239)
	at java.awt.Component.dispatchEventImpl(Component.java:4889)
	at java.awt.Container.dispatchEventImpl(Container.java:2297)
	at java.awt.Component.dispatchEvent(Component.java:4711)
	at java.awt.LightweightDispatcher.retargetMouseEvent(Container.java:4904)
	at java.awt.LightweightDispatcher.processMouseEvent(Container.java:4535)
	at java.awt.LightweightDispatcher.dispatchEvent(Container.java:4476)
	at java.awt.Container.dispatchEventImpl(Container.java:2283)
	at java.awt.Window.dispatchEventImpl(Window.java:2746)
	at java.awt.Component.dispatchEvent(Component.java:4711)
	at java.awt.EventQueue.dispatchEventImpl(EventQueue.java:760)
	at java.awt.EventQueue.access$500(EventQueue.java:97)
	at java.awt.EventQueue$3.run(EventQueue.java:709)
	at java.awt.EventQueue$3.run(EventQueue.java:703)
	at java.security.AccessController.doPrivileged(Native Method)
	at java.security.ProtectionDomain$JavaSecurityAccessImpl.doIntersectionPrivilege(ProtectionDomain.java:74)
	at java.security.ProtectionDomain$JavaSecurityAccessImpl.doIntersectionPrivilege(ProtectionDomain.java:84)
	at java.awt.EventQueue$4.run(EventQueue.java:733)
	at java.awt.EventQueue$4.run(EventQueue.java:731)
	at java.security.AccessController.doPrivileged(Native Method)
	at java.security.ProtectionDomain$JavaSecurityAccessImpl.doIntersectionPrivilege(ProtectionDomain.java:74)
	at java.awt.EventQueue.dispatchEvent(EventQueue.java:730)
	at java.awt.EventDispatchThread.pumpOneEventForFilters(EventDispatchThread.java:205)
	at java.awt.EventDispatchThread.pumpEventsForFilter(EventDispatchThread.java:116)
	at java.awt.EventDispatchThread.pumpEventsForHierarchy(EventDispatchThread.java:105)
	at java.awt.EventDispatchThread.pumpEvents(EventDispatchThread.java:101)
	at java.awt.EventDispatchThread.pumpEvents(EventDispatchThread.java:93)
	at java.awt.EventDispatchThread.run(EventDispatchThread.java:82)
2023-01-11 12:45:22 WaitDialog [DEBUG] method startLockOrRelease invoked outside EDT
java.lang.Throwable
	at de.cismet.verdis.gui.WaitDialog.inEDT(WaitDialog.java:474)
	at de.cismet.verdis.gui.WaitDialog.startLockOrRelease(WaitDialog.java:335)
	at de.cismet.verdis.CidsAppBackend.releaseLocks(CidsAppBackend.java:1190)
	at de.cismet.verdis.CidsAppBackend.releaseLocks(CidsAppBackend.java:1178)
	at de.cismet.verdis.gui.Main.releaseLocks(Main.java:4115)
	at de.cismet.verdis.gui.Main$78.doInBackground(Main.java:3923)
	at de.cismet.verdis.gui.Main$78.doInBackground(Main.java:3918)
	at javax.swing.SwingWorker$1.call(SwingWorker.java:295)
	at java.util.concurrent.FutureTask.run(FutureTask.java:266)
	at javax.swing.SwingWorker.run(SwingWorker.java:334)
	at java.util.concurrent.ThreadPoolExecutor.runWorker(ThreadPoolExecutor.java:1149)
	at java.util.concurrent.ThreadPoolExecutor$Worker.run(ThreadPoolExecutor.java:624)
	at java.lang.Thread.run(Thread.java:750)
2023-01-11 12:45:22 WaitDialog [DEBUG] method progressLockOrRelease invoked outside EDT
java.lang.Throwable
	at de.cismet.verdis.gui.WaitDialog.inEDT(WaitDialog.java:474)
	at de.cismet.verdis.gui.WaitDialog.progressLockOrRelease(WaitDialog.java:358)
	at de.cismet.verdis.CidsAppBackend.releaseLocks(CidsAppBackend.java:1192)
	at de.cismet.verdis.CidsAppBackend.releaseLocks(CidsAppBackend.java:1178)
	at de.cismet.verdis.gui.Main.releaseLocks(Main.java:4115)
	at de.cismet.verdis.gui.Main$78.doInBackground(Main.java:3923)
	at de.cismet.verdis.gui.Main$78.doInBackground(Main.java:3918)
	at javax.swing.SwingWorker$1.call(SwingWorker.java:295)
	at java.util.concurrent.FutureTask.run(FutureTask.java:266)
	at javax.swing.SwingWorker.run(SwingWorker.java:334)
	at java.util.concurrent.ThreadPoolExecutor.runWorker(ThreadPoolExecutor.java:1149)
	at java.util.concurrent.ThreadPoolExecutor$Worker.run(ThreadPoolExecutor.java:624)
	at java.lang.Thread.run(Thread.java:750)
2023-01-11 12:45:23 WaitDialog [DEBUG] method progressLockOrRelease invoked outside EDT
java.lang.Throwable
	at de.cismet.verdis.gui.WaitDialog.inEDT(WaitDialog.java:474)
	at de.cismet.verdis.gui.WaitDialog.progressLockOrRelease(WaitDialog.java:358)
	at de.cismet.verdis.CidsAppBackend.releaseLocks(CidsAppBackend.java:1196)
	at de.cismet.verdis.CidsAppBackend.releaseLocks(CidsAppBackend.java:1178)
	at de.cismet.verdis.gui.Main.releaseLocks(Main.java:4115)
	at de.cismet.verdis.gui.Main$78.doInBackground(Main.java:3923)
	at de.cismet.verdis.gui.Main$78.doInBackground(Main.java:3918)
	at javax.swing.SwingWorker$1.call(SwingWorker.java:295)
	at java.util.concurrent.FutureTask.run(FutureTask.java:266)
	at javax.swing.SwingWorker.run(SwingWorker.java:334)
	at java.util.concurrent.ThreadPoolExecutor.runWorker(ThreadPoolExecutor.java:1149)
	at java.util.concurrent.ThreadPoolExecutor$Worker.run(ThreadPoolExecutor.java:624)
	at java.lang.Thread.run(Thread.java:750)
2023-01-11 12:45:23 WaitDialog [DEBUG] method startLoadingKassenzeichen invoked in EDT
java.lang.Throwable
	at de.cismet.verdis.gui.WaitDialog.inEDT(WaitDialog.java:474)
	at de.cismet.verdis.gui.WaitDialog.startLoadingKassenzeichen(WaitDialog.java:241)
	at de.cismet.verdis.CidsAppBackend.gotoKassenzeichen(CidsAppBackend.java:1470)
	at de.cismet.verdis.CidsAppBackend.gotoKassenzeichen(CidsAppBackend.java:1375)
	at de.cismet.verdis.gui.KassenzeichenPanel.refresh(KassenzeichenPanel.java:1030)
	at de.cismet.verdis.gui.Main$78.done(Main.java:3931)
	at javax.swing.SwingWorker$5.run(SwingWorker.java:737)
	at javax.swing.SwingWorker$DoSubmitAccumulativeRunnable.run(SwingWorker.java:832)
	at sun.swing.AccumulativeRunnable.run(AccumulativeRunnable.java:112)
	at javax.swing.SwingWorker$DoSubmitAccumulativeRunnable.actionPerformed(SwingWorker.java:842)
	at javax.swing.Timer.fireActionPerformed(Timer.java:313)
	at javax.swing.Timer$DoPostEvent.run(Timer.java:245)
	at java.awt.event.InvocationEvent.dispatch(InvocationEvent.java:311)
	at java.awt.EventQueue.dispatchEventImpl(EventQueue.java:758)
	at java.awt.EventQueue.access$500(EventQueue.java:97)
	at java.awt.EventQueue$3.run(EventQueue.java:709)
	at java.awt.EventQueue$3.run(EventQueue.java:703)
	at java.security.AccessController.doPrivileged(Native Method)
	at java.security.ProtectionDomain$JavaSecurityAccessImpl.doIntersectionPrivilege(ProtectionDomain.java:74)
	at java.awt.EventQueue.dispatchEvent(EventQueue.java:728)
	at java.awt.EventDispatchThread.pumpOneEventForFilters(EventDispatchThread.java:205)
	at java.awt.EventDispatchThread.pumpEventsForFilter(EventDispatchThread.java:116)
	at java.awt.EventDispatchThread.pumpEventsForFilter(EventDispatchThread.java:109)
	at java.awt.WaitDispatchSupport$2.run(WaitDispatchSupport.java:190)
	at java.awt.WaitDispatchSupport$4.run(WaitDispatchSupport.java:235)
	at java.awt.WaitDispatchSupport$4.run(WaitDispatchSupport.java:233)
	at java.security.AccessController.doPrivileged(Native Method)
	at java.awt.WaitDispatchSupport.enter(WaitDispatchSupport.java:233)
	at java.awt.Dialog.show(Dialog.java:1084)
	at java.awt.Component.show(Component.java:1671)
	at java.awt.Component.setVisible(Component.java:1623)
	at java.awt.Window.setVisible(Window.java:1014)
	at java.awt.Dialog.setVisible(Dialog.java:1005)
	at de.cismet.verdis.gui.WaitDialog$15$1.run(WaitDialog.java:458)
	at java.awt.event.InvocationEvent.dispatch(InvocationEvent.java:311)
	at java.awt.EventQueue.dispatchEventImpl(EventQueue.java:758)
	at java.awt.EventQueue.access$500(EventQueue.java:97)
	at java.awt.EventQueue$3.run(EventQueue.java:709)
	at java.awt.EventQueue$3.run(EventQueue.java:703)
	at java.security.AccessController.doPrivileged(Native Method)
	at java.security.ProtectionDomain$JavaSecurityAccessImpl.doIntersectionPrivilege(ProtectionDomain.java:74)
	at java.awt.EventQueue.dispatchEvent(EventQueue.java:728)
	at java.awt.EventDispatchThread.pumpOneEventForFilters(EventDispatchThread.java:205)
	at java.awt.EventDispatchThread.pumpEventsForFilter(EventDispatchThread.java:116)
	at java.awt.EventDispatchThread.pumpEventsForHierarchy(EventDispatchThread.java:105)
	at java.awt.EventDispatchThread.pumpEvents(EventDispatchThread.java:101)
	at java.awt.EventDispatchThread.pumpEvents(EventDispatchThread.java:93)
	at java.awt.EventDispatchThread.run(EventDispatchThread.java:82)
2023-01-11 12:45:23 WaitDialog [DEBUG] method closeDialog invoked in EDT
java.lang.Throwable
	at de.cismet.verdis.gui.WaitDialog.inEDT(WaitDialog.java:474)
	at de.cismet.verdis.gui.WaitDialog.closeDialog(WaitDialog.java:378)
	at de.cismet.verdis.gui.Main$78.done(Main.java:3933)
	at javax.swing.SwingWorker$5.run(SwingWorker.java:737)
	at javax.swing.SwingWorker$DoSubmitAccumulativeRunnable.run(SwingWorker.java:832)
	at sun.swing.AccumulativeRunnable.run(AccumulativeRunnable.java:112)
	at javax.swing.SwingWorker$DoSubmitAccumulativeRunnable.actionPerformed(SwingWorker.java:842)
	at javax.swing.Timer.fireActionPerformed(Timer.java:313)
	at javax.swing.Timer$DoPostEvent.run(Timer.java:245)
	at java.awt.event.InvocationEvent.dispatch(InvocationEvent.java:311)
	at java.awt.EventQueue.dispatchEventImpl(EventQueue.java:758)
	at java.awt.EventQueue.access$500(EventQueue.java:97)
	at java.awt.EventQueue$3.run(EventQueue.java:709)
	at java.awt.EventQueue$3.run(EventQueue.java:703)
	at java.security.AccessController.doPrivileged(Native Method)
	at java.security.ProtectionDomain$JavaSecurityAccessImpl.doIntersectionPrivilege(ProtectionDomain.java:74)
	at java.awt.EventQueue.dispatchEvent(EventQueue.java:728)
	at java.awt.EventDispatchThread.pumpOneEventForFilters(EventDispatchThread.java:205)
	at java.awt.EventDispatchThread.pumpEventsForFilter(EventDispatchThread.java:116)
	at java.awt.EventDispatchThread.pumpEventsForFilter(EventDispatchThread.java:109)
	at java.awt.WaitDispatchSupport$2.run(WaitDispatchSupport.java:190)
	at java.awt.WaitDispatchSupport$4.run(WaitDispatchSupport.java:235)
	at java.awt.WaitDispatchSupport$4.run(WaitDispatchSupport.java:233)
	at java.security.AccessController.doPrivileged(Native Method)
	at java.awt.WaitDispatchSupport.enter(WaitDispatchSupport.java:233)
	at java.awt.Dialog.show(Dialog.java:1084)
	at java.awt.Component.show(Component.java:1671)
	at java.awt.Component.setVisible(Component.java:1623)
	at java.awt.Window.setVisible(Window.java:1014)
	at java.awt.Dialog.setVisible(Dialog.java:1005)
	at de.cismet.verdis.gui.WaitDialog$15$1.run(WaitDialog.java:458)
	at java.awt.event.InvocationEvent.dispatch(InvocationEvent.java:311)
	at java.awt.EventQueue.dispatchEventImpl(EventQueue.java:758)
	at java.awt.EventQueue.access$500(EventQueue.java:97)
	at java.awt.EventQueue$3.run(EventQueue.java:709)
	at java.awt.EventQueue$3.run(EventQueue.java:703)
	at java.security.AccessController.doPrivileged(Native Method)
	at java.security.ProtectionDomain$JavaSecurityAccessImpl.doIntersectionPrivilege(ProtectionDomain.java:74)
	at java.awt.EventQueue.dispatchEvent(EventQueue.java:728)
	at java.awt.EventDispatchThread.pumpOneEventForFilters(EventDispatchThread.java:205)
	at java.awt.EventDispatchThread.pumpEventsForFilter(EventDispatchThread.java:116)
	at java.awt.EventDispatchThread.pumpEventsForHierarchy(EventDispatchThread.java:105)
	at java.awt.EventDispatchThread.pumpEvents(EventDispatchThread.java:101)
	at java.awt.EventDispatchThread.pumpEvents(EventDispatchThread.java:93)
	at java.awt.EventDispatchThread.run(EventDispatchThread.java:82)
2023-01-11 12:45:26 WaitDialog [DEBUG] method progressLoadingKassenzeichen invoked in EDT
java.lang.Throwable
	at de.cismet.verdis.gui.WaitDialog.inEDT(WaitDialog.java:474)
	at de.cismet.verdis.gui.WaitDialog.progressLoadingKassenzeichen(WaitDialog.java:266)
	at de.cismet.verdis.CidsAppBackend$2.done(CidsAppBackend.java:1519)
	at javax.swing.SwingWorker$5.run(SwingWorker.java:737)
	at javax.swing.SwingWorker$DoSubmitAccumulativeRunnable.run(SwingWorker.java:832)
	at sun.swing.AccumulativeRunnable.run(AccumulativeRunnable.java:112)
	at javax.swing.SwingWorker$DoSubmitAccumulativeRunnable.actionPerformed(SwingWorker.java:842)
	at javax.swing.Timer.fireActionPerformed(Timer.java:313)
	at javax.swing.Timer$DoPostEvent.run(Timer.java:245)
	at java.awt.event.InvocationEvent.dispatch(InvocationEvent.java:311)
	at java.awt.EventQueue.dispatchEventImpl(EventQueue.java:758)
	at java.awt.EventQueue.access$500(EventQueue.java:97)
	at java.awt.EventQueue$3.run(EventQueue.java:709)
	at java.awt.EventQueue$3.run(EventQueue.java:703)
	at java.security.AccessController.doPrivileged(Native Method)
	at java.security.ProtectionDomain$JavaSecurityAccessImpl.doIntersectionPrivilege(ProtectionDomain.java:74)
	at java.awt.EventQueue.dispatchEvent(EventQueue.java:728)
	at java.awt.EventDispatchThread.pumpOneEventForFilters(EventDispatchThread.java:205)
	at java.awt.EventDispatchThread.pumpEventsForFilter(EventDispatchThread.java:116)
	at java.awt.EventDispatchThread.pumpEventsForHierarchy(EventDispatchThread.java:105)
	at java.awt.EventDispatchThread.pumpEvents(EventDispatchThread.java:101)
	at java.awt.EventDispatchThread.pumpEvents(EventDispatchThread.java:93)
	at java.awt.EventDispatchThread.run(EventDispatchThread.java:82)
2023-01-11 12:45:30 WaitDialog [DEBUG] method showDialog invoked in EDT
java.lang.Throwable
	at de.cismet.verdis.gui.WaitDialog.inEDT(WaitDialog.java:474)
	at de.cismet.verdis.gui.WaitDialog.showDialog(WaitDialog.java:443)
	at de.cismet.verdis.gui.WaitDialog.showDialog(WaitDialog.java:395)
	at de.cismet.verdis.CidsAppBackend.gotoKassenzeichen(CidsAppBackend.java:1469)
	at de.cismet.verdis.CidsAppBackend.gotoKassenzeichen(CidsAppBackend.java:1375)
	at de.cismet.verdis.gui.aenderungsanfrage.AenderungsanfrageTable.gotoSelectedKassenzeichen(AenderungsanfrageTable.java:246)
	at de.cismet.verdis.gui.aenderungsanfrage.AenderungsanfrageTablePanel.aenderungsanfrageTable1MouseClicked(AenderungsanfrageTablePanel.java:480)
	at de.cismet.verdis.gui.aenderungsanfrage.AenderungsanfrageTablePanel.access$1000(AenderungsanfrageTablePanel.java:52)
	at de.cismet.verdis.gui.aenderungsanfrage.AenderungsanfrageTablePanel$9.mouseClicked(AenderungsanfrageTablePanel.java:406)
	at java.awt.AWTEventMulticaster.mouseClicked(AWTEventMulticaster.java:270)
	at java.awt.Component.processMouseEvent(Component.java:6542)
	at javax.swing.JComponent.processMouseEvent(JComponent.java:3318)
	at java.awt.Component.processEvent(Component.java:6304)
	at java.awt.Container.processEvent(Container.java:2239)
	at java.awt.Component.dispatchEventImpl(Component.java:4889)
	at java.awt.Container.dispatchEventImpl(Container.java:2297)
	at java.awt.Component.dispatchEvent(Component.java:4711)
	at java.awt.LightweightDispatcher.retargetMouseEvent(Container.java:4904)
	at java.awt.LightweightDispatcher.processMouseEvent(Container.java:4544)
	at java.awt.LightweightDispatcher.dispatchEvent(Container.java:4476)
	at java.awt.Container.dispatchEventImpl(Container.java:2283)
	at java.awt.Window.dispatchEventImpl(Window.java:2746)
	at java.awt.Component.dispatchEvent(Component.java:4711)
	at java.awt.EventQueue.dispatchEventImpl(EventQueue.java:760)
	at java.awt.EventQueue.access$500(EventQueue.java:97)
	at java.awt.EventQueue$3.run(EventQueue.java:709)
	at java.awt.EventQueue$3.run(EventQueue.java:703)
	at java.security.AccessController.doPrivileged(Native Method)
	at java.security.ProtectionDomain$JavaSecurityAccessImpl.doIntersectionPrivilege(ProtectionDomain.java:74)
	at java.security.ProtectionDomain$JavaSecurityAccessImpl.doIntersectionPrivilege(ProtectionDomain.java:84)
	at java.awt.EventQueue$4.run(EventQueue.java:733)
	at java.awt.EventQueue$4.run(EventQueue.java:731)
	at java.security.AccessController.doPrivileged(Native Method)
	at java.security.ProtectionDomain$JavaSecurityAccessImpl.doIntersectionPrivilege(ProtectionDomain.java:74)
	at java.awt.EventQueue.dispatchEvent(EventQueue.java:730)
	at java.awt.EventDispatchThread.pumpOneEventForFilters(EventDispatchThread.java:205)
	at java.awt.EventDispatchThread.pumpEventsForFilter(EventDispatchThread.java:116)
	at java.awt.EventDispatchThread.pumpEventsForHierarchy(EventDispatchThread.java:105)
	at java.awt.EventDispatchThread.pumpEvents(EventDispatchThread.java:101)
	at java.awt.EventDispatchThread.pumpEvents(EventDispatchThread.java:93)
	at java.awt.EventDispatchThread.run(EventDispatchThread.java:82)
2023-01-11 12:45:30 WaitDialog [DEBUG] method startLoadingKassenzeichen invoked in EDT
java.lang.Throwable
	at de.cismet.verdis.gui.WaitDialog.inEDT(WaitDialog.java:474)
	at de.cismet.verdis.gui.WaitDialog.startLoadingKassenzeichen(WaitDialog.java:241)
	at de.cismet.verdis.CidsAppBackend.gotoKassenzeichen(CidsAppBackend.java:1470)
	at de.cismet.verdis.CidsAppBackend.gotoKassenzeichen(CidsAppBackend.java:1375)
	at de.cismet.verdis.gui.aenderungsanfrage.AenderungsanfrageTable.gotoSelectedKassenzeichen(AenderungsanfrageTable.java:246)
	at de.cismet.verdis.gui.aenderungsanfrage.AenderungsanfrageTablePanel.aenderungsanfrageTable1MouseClicked(AenderungsanfrageTablePanel.java:480)
	at de.cismet.verdis.gui.aenderungsanfrage.AenderungsanfrageTablePanel.access$1000(AenderungsanfrageTablePanel.java:52)
	at de.cismet.verdis.gui.aenderungsanfrage.AenderungsanfrageTablePanel$9.mouseClicked(AenderungsanfrageTablePanel.java:406)
	at java.awt.AWTEventMulticaster.mouseClicked(AWTEventMulticaster.java:270)
	at java.awt.Component.processMouseEvent(Component.java:6542)
	at javax.swing.JComponent.processMouseEvent(JComponent.java:3318)
	at java.awt.Component.processEvent(Component.java:6304)
	at java.awt.Container.processEvent(Container.java:2239)
	at java.awt.Component.dispatchEventImpl(Component.java:4889)
	at java.awt.Container.dispatchEventImpl(Container.java:2297)
	at java.awt.Component.dispatchEvent(Component.java:4711)
	at java.awt.LightweightDispatcher.retargetMouseEvent(Container.java:4904)
	at java.awt.LightweightDispatcher.processMouseEvent(Container.java:4544)
	at java.awt.LightweightDispatcher.dispatchEvent(Container.java:4476)
	at java.awt.Container.dispatchEventImpl(Container.java:2283)
	at java.awt.Window.dispatchEventImpl(Window.java:2746)
	at java.awt.Component.dispatchEvent(Component.java:4711)
	at java.awt.EventQueue.dispatchEventImpl(EventQueue.java:760)
	at java.awt.EventQueue.access$500(EventQueue.java:97)
	at java.awt.EventQueue$3.run(EventQueue.java:709)
	at java.awt.EventQueue$3.run(EventQueue.java:703)
	at java.security.AccessController.doPrivileged(Native Method)
	at java.security.ProtectionDomain$JavaSecurityAccessImpl.doIntersectionPrivilege(ProtectionDomain.java:74)
	at java.security.ProtectionDomain$JavaSecurityAccessImpl.doIntersectionPrivilege(ProtectionDomain.java:84)
	at java.awt.EventQueue$4.run(EventQueue.java:733)
	at java.awt.EventQueue$4.run(EventQueue.java:731)
	at java.security.AccessController.doPrivileged(Native Method)
	at java.security.ProtectionDomain$JavaSecurityAccessImpl.doIntersectionPrivilege(ProtectionDomain.java:74)
	at java.awt.EventQueue.dispatchEvent(EventQueue.java:730)
	at java.awt.EventDispatchThread.pumpOneEventForFilters(EventDispatchThread.java:205)
	at java.awt.EventDispatchThread.pumpEventsForFilter(EventDispatchThread.java:116)
	at java.awt.EventDispatchThread.pumpEventsForHierarchy(EventDispatchThread.java:105)
	at java.awt.EventDispatchThread.pumpEvents(EventDispatchThread.java:101)
	at java.awt.EventDispatchThread.pumpEvents(EventDispatchThread.java:93)
	at java.awt.EventDispatchThread.run(EventDispatchThread.java:82)
2023-01-11 12:45:33 WaitDialog [DEBUG] method progressLoadingKassenzeichen invoked in EDT
java.lang.Throwable
	at de.cismet.verdis.gui.WaitDialog.inEDT(WaitDialog.java:474)
	at de.cismet.verdis.gui.WaitDialog.progressLoadingKassenzeichen(WaitDialog.java:266)
	at de.cismet.verdis.CidsAppBackend$2.done(CidsAppBackend.java:1519)
	at javax.swing.SwingWorker$5.run(SwingWorker.java:737)
	at javax.swing.SwingWorker$DoSubmitAccumulativeRunnable.run(SwingWorker.java:832)
	at sun.swing.AccumulativeRunnable.run(AccumulativeRunnable.java:112)
	at javax.swing.SwingWorker$DoSubmitAccumulativeRunnable.actionPerformed(SwingWorker.java:842)
	at javax.swing.Timer.fireActionPerformed(Timer.java:313)
	at javax.swing.Timer$DoPostEvent.run(Timer.java:245)
	at java.awt.event.InvocationEvent.dispatch(InvocationEvent.java:311)
	at java.awt.EventQueue.dispatchEventImpl(EventQueue.java:758)
	at java.awt.EventQueue.access$500(EventQueue.java:97)
	at java.awt.EventQueue$3.run(EventQueue.java:709)
	at java.awt.EventQueue$3.run(EventQueue.java:703)
	at java.security.AccessController.doPrivileged(Native Method)
	at java.security.ProtectionDomain$JavaSecurityAccessImpl.doIntersectionPrivilege(ProtectionDomain.java:74)
	at java.awt.EventQueue.dispatchEvent(EventQueue.java:728)
	at java.awt.EventDispatchThread.pumpOneEventForFilters(EventDispatchThread.java:205)
	at java.awt.EventDispatchThread.pumpEventsForFilter(EventDispatchThread.java:116)
	at java.awt.EventDispatchThread.pumpEventsForFilter(EventDispatchThread.java:109)
	at java.awt.WaitDispatchSupport$2.run(WaitDispatchSupport.java:190)
	at java.awt.WaitDispatchSupport$4.run(WaitDispatchSupport.java:235)
	at java.awt.WaitDispatchSupport$4.run(WaitDispatchSupport.java:233)
	at java.security.AccessController.doPrivileged(Native Method)
	at java.awt.WaitDispatchSupport.enter(WaitDispatchSupport.java:233)
	at java.awt.Dialog.show(Dialog.java:1084)
	at java.awt.Component.show(Component.java:1671)
	at java.awt.Component.setVisible(Component.java:1623)
	at java.awt.Window.setVisible(Window.java:1014)
	at java.awt.Dialog.setVisible(Dialog.java:1005)
	at de.cismet.verdis.gui.WaitDialog$15$1.run(WaitDialog.java:458)
	at java.awt.event.InvocationEvent.dispatch(InvocationEvent.java:311)
	at java.awt.EventQueue.dispatchEventImpl(EventQueue.java:758)
	at java.awt.EventQueue.access$500(EventQueue.java:97)
	at java.awt.EventQueue$3.run(EventQueue.java:709)
	at java.awt.EventQueue$3.run(EventQueue.java:703)
	at java.security.AccessController.doPrivileged(Native Method)
	at java.security.ProtectionDomain$JavaSecurityAccessImpl.doIntersectionPrivilege(ProtectionDomain.java:74)
	at java.awt.EventQueue.dispatchEvent(EventQueue.java:728)
	at java.awt.EventDispatchThread.pumpOneEventForFilters(EventDispatchThread.java:205)
	at java.awt.EventDispatchThread.pumpEventsForFilter(EventDispatchThread.java:116)
	at java.awt.EventDispatchThread.pumpEventsForHierarchy(EventDispatchThread.java:105)
	at java.awt.EventDispatchThread.pumpEvents(EventDispatchThread.java:101)
	at java.awt.EventDispatchThread.pumpEvents(EventDispatchThread.java:93)
	at java.awt.EventDispatchThread.run(EventDispatchThread.java:82)
2023-01-11 12:45:33 WaitDialog [DEBUG] method closeDialog invoked in EDT
java.lang.Throwable
	at de.cismet.verdis.gui.WaitDialog.inEDT(WaitDialog.java:474)
	at de.cismet.verdis.gui.WaitDialog.closeDialog(WaitDialog.java:378)
	at de.cismet.verdis.CidsAppBackend$2.done(CidsAppBackend.java:1546)
	at javax.swing.SwingWorker$5.run(SwingWorker.java:737)
	at javax.swing.SwingWorker$DoSubmitAccumulativeRunnable.run(SwingWorker.java:832)
	at sun.swing.AccumulativeRunnable.run(AccumulativeRunnable.java:112)
	at javax.swing.SwingWorker$DoSubmitAccumulativeRunnable.actionPerformed(SwingWorker.java:842)
	at javax.swing.Timer.fireActionPerformed(Timer.java:313)
	at javax.swing.Timer$DoPostEvent.run(Timer.java:245)
	at java.awt.event.InvocationEvent.dispatch(InvocationEvent.java:311)
	at java.awt.EventQueue.dispatchEventImpl(EventQueue.java:758)
	at java.awt.EventQueue.access$500(EventQueue.java:97)
	at java.awt.EventQueue$3.run(EventQueue.java:709)
	at java.awt.EventQueue$3.run(EventQueue.java:703)
	at java.security.AccessController.doPrivileged(Native Method)
	at java.security.ProtectionDomain$JavaSecurityAccessImpl.doIntersectionPrivilege(ProtectionDomain.java:74)
	at java.awt.EventQueue.dispatchEvent(EventQueue.java:728)
	at java.awt.EventDispatchThread.pumpOneEventForFilters(EventDispatchThread.java:205)
	at java.awt.EventDispatchThread.pumpEventsForFilter(EventDispatchThread.java:116)
	at java.awt.EventDispatchThread.pumpEventsForFilter(EventDispatchThread.java:109)
	at java.awt.WaitDispatchSupport$2.run(WaitDispatchSupport.java:190)
	at java.awt.WaitDispatchSupport$4.run(WaitDispatchSupport.java:235)
	at java.awt.WaitDispatchSupport$4.run(WaitDispatchSupport.java:233)
	at java.security.AccessController.doPrivileged(Native Method)
	at java.awt.WaitDispatchSupport.enter(WaitDispatchSupport.java:233)
	at java.awt.Dialog.show(Dialog.java:1084)
	at java.awt.Component.show(Component.java:1671)
	at java.awt.Component.setVisible(Component.java:1623)
	at java.awt.Window.setVisible(Window.java:1014)
	at java.awt.Dialog.setVisible(Dialog.java:1005)
	at de.cismet.verdis.gui.WaitDialog$15$1.run(WaitDialog.java:458)
	at java.awt.event.InvocationEvent.dispatch(InvocationEvent.java:311)
	at java.awt.EventQueue.dispatchEventImpl(EventQueue.java:758)
	at java.awt.EventQueue.access$500(EventQueue.java:97)
	at java.awt.EventQueue$3.run(EventQueue.java:709)
	at java.awt.EventQueue$3.run(EventQueue.java:703)
	at java.security.AccessController.doPrivileged(Native Method)
	at java.security.ProtectionDomain$JavaSecurityAccessImpl.doIntersectionPrivilege(ProtectionDomain.java:74)
	at java.awt.EventQueue.dispatchEvent(EventQueue.java:728)
	at java.awt.EventDispatchThread.pumpOneEventForFilters(EventDispatchThread.java:205)
	at java.awt.EventDispatchThread.pumpEventsForFilter(EventDispatchThread.java:116)
	at java.awt.EventDispatchThread.pumpEventsForHierarchy(EventDispatchThread.java:105)
	at java.awt.EventDispatchThread.pumpEvents(EventDispatchThread.java:101)
	at java.awt.EventDispatchThread.pumpEvents(EventDispatchThread.java:93)
	at java.awt.EventDispatchThread.run(EventDispatchThread.java:82)
2023-01-11 12:45:35 WaitDialog [DEBUG] method showDialog invoked in EDT
java.lang.Throwable
	at de.cismet.verdis.gui.WaitDialog.inEDT(WaitDialog.java:474)
	at de.cismet.verdis.gui.WaitDialog.showDialog(WaitDialog.java:443)
	at de.cismet.verdis.gui.WaitDialog.showDialog(WaitDialog.java:395)
	at de.cismet.verdis.gui.Main.cmdEditModeActionPerformed(Main.java:3947)
	at de.cismet.verdis.gui.Main.access$3800(Main.java:284)
	at de.cismet.verdis.gui.Main$25.actionPerformed(Main.java:2377)
	at javax.swing.AbstractButton.fireActionPerformed(AbstractButton.java:2022)
	at javax.swing.AbstractButton$Handler.actionPerformed(AbstractButton.java:2348)
	at javax.swing.DefaultButtonModel.fireActionPerformed(DefaultButtonModel.java:402)
	at javax.swing.DefaultButtonModel.setPressed(DefaultButtonModel.java:259)
	at javax.swing.plaf.basic.BasicButtonListener.mouseReleased(BasicButtonListener.java:262)
	at java.awt.AWTEventMulticaster.mouseReleased(AWTEventMulticaster.java:289)
	at java.awt.Component.processMouseEvent(Component.java:6539)
	at javax.swing.JComponent.processMouseEvent(JComponent.java:3318)
	at java.awt.Component.processEvent(Component.java:6304)
	at java.awt.Container.processEvent(Container.java:2239)
	at java.awt.Component.dispatchEventImpl(Component.java:4889)
	at java.awt.Container.dispatchEventImpl(Container.java:2297)
	at java.awt.Component.dispatchEvent(Component.java:4711)
	at java.awt.LightweightDispatcher.retargetMouseEvent(Container.java:4904)
	at java.awt.LightweightDispatcher.processMouseEvent(Container.java:4535)
	at java.awt.LightweightDispatcher.dispatchEvent(Container.java:4476)
	at java.awt.Container.dispatchEventImpl(Container.java:2283)
	at java.awt.Window.dispatchEventImpl(Window.java:2746)
	at java.awt.Component.dispatchEvent(Component.java:4711)
	at java.awt.EventQueue.dispatchEventImpl(EventQueue.java:760)
	at java.awt.EventQueue.access$500(EventQueue.java:97)
	at java.awt.EventQueue$3.run(EventQueue.java:709)
	at java.awt.EventQueue$3.run(EventQueue.java:703)
	at java.security.AccessController.doPrivileged(Native Method)
	at java.security.ProtectionDomain$JavaSecurityAccessImpl.doIntersectionPrivilege(ProtectionDomain.java:74)
	at java.security.ProtectionDomain$JavaSecurityAccessImpl.doIntersectionPrivilege(ProtectionDomain.java:84)
	at java.awt.EventQueue$4.run(EventQueue.java:733)
	at java.awt.EventQueue$4.run(EventQueue.java:731)
	at java.security.AccessController.doPrivileged(Native Method)
	at java.security.ProtectionDomain$JavaSecurityAccessImpl.doIntersectionPrivilege(ProtectionDomain.java:74)
	at java.awt.EventQueue.dispatchEvent(EventQueue.java:730)
	at java.awt.EventDispatchThread.pumpOneEventForFilters(EventDispatchThread.java:205)
	at java.awt.EventDispatchThread.pumpEventsForFilter(EventDispatchThread.java:116)
	at java.awt.EventDispatchThread.pumpEventsForHierarchy(EventDispatchThread.java:105)
	at java.awt.EventDispatchThread.pumpEvents(EventDispatchThread.java:101)
	at java.awt.EventDispatchThread.pumpEvents(EventDispatchThread.java:93)
	at java.awt.EventDispatchThread.run(EventDispatchThread.java:82)
2023-01-11 12:45:35 WaitDialog [DEBUG] method startCheckCrosslinks invoked outside EDT
java.lang.Throwable
	at de.cismet.verdis.gui.WaitDialog.inEDT(WaitDialog.java:474)
	at de.cismet.verdis.gui.WaitDialog.startCheckCrosslinks(WaitDialog.java:281)
	at de.cismet.verdis.CidsAppBackend.acquireLock(CidsAppBackend.java:1029)
	at de.cismet.verdis.CidsAppBackend.acquireLocks(CidsAppBackend.java:986)
	at de.cismet.verdis.gui.Main.acquireLocks(Main.java:3995)
	at de.cismet.verdis.gui.Main$79.doInBackground(Main.java:3958)
	at de.cismet.verdis.gui.Main$79.doInBackground(Main.java:3948)
	at javax.swing.SwingWorker$1.call(SwingWorker.java:295)
	at java.util.concurrent.FutureTask.run(FutureTask.java:266)
	at javax.swing.SwingWorker.run(SwingWorker.java:334)
	at java.util.concurrent.ThreadPoolExecutor.runWorker(ThreadPoolExecutor.java:1149)
	at java.util.concurrent.ThreadPoolExecutor$Worker.run(ThreadPoolExecutor.java:624)
	at java.lang.Thread.run(Thread.java:750)
2023-01-11 12:45:35 WaitDialog [DEBUG] method startCheckLocks invoked outside EDT
java.lang.Throwable
	at de.cismet.verdis.gui.WaitDialog.inEDT(WaitDialog.java:474)
	at de.cismet.verdis.gui.WaitDialog.startCheckLocks(WaitDialog.java:315)
	at de.cismet.verdis.CidsAppBackend.acquireLock(CidsAppBackend.java:1057)
	at de.cismet.verdis.CidsAppBackend.acquireLocks(CidsAppBackend.java:986)
	at de.cismet.verdis.gui.Main.acquireLocks(Main.java:3995)
	at de.cismet.verdis.gui.Main$79.doInBackground(Main.java:3958)
	at de.cismet.verdis.gui.Main$79.doInBackground(Main.java:3948)
	at javax.swing.SwingWorker$1.call(SwingWorker.java:295)
	at java.util.concurrent.FutureTask.run(FutureTask.java:266)
	at javax.swing.SwingWorker.run(SwingWorker.java:334)
	at java.util.concurrent.ThreadPoolExecutor.runWorker(ThreadPoolExecutor.java:1149)
	at java.util.concurrent.ThreadPoolExecutor$Worker.run(ThreadPoolExecutor.java:624)
	at java.lang.Thread.run(Thread.java:750)
2023-01-11 12:45:35 WaitDialog [DEBUG] method startLockOrRelease invoked outside EDT
java.lang.Throwable
	at de.cismet.verdis.gui.WaitDialog.inEDT(WaitDialog.java:474)
	at de.cismet.verdis.gui.WaitDialog.startLockOrRelease(WaitDialog.java:335)
	at de.cismet.verdis.CidsAppBackend.acquireLock(CidsAppBackend.java:1079)
	at de.cismet.verdis.CidsAppBackend.acquireLocks(CidsAppBackend.java:986)
	at de.cismet.verdis.gui.Main.acquireLocks(Main.java:3995)
	at de.cismet.verdis.gui.Main$79.doInBackground(Main.java:3958)
	at de.cismet.verdis.gui.Main$79.doInBackground(Main.java:3948)
	at javax.swing.SwingWorker$1.call(SwingWorker.java:295)
	at java.util.concurrent.FutureTask.run(FutureTask.java:266)
	at javax.swing.SwingWorker.run(SwingWorker.java:334)
	at java.util.concurrent.ThreadPoolExecutor.runWorker(ThreadPoolExecutor.java:1149)
	at java.util.concurrent.ThreadPoolExecutor$Worker.run(ThreadPoolExecutor.java:624)
	at java.lang.Thread.run(Thread.java:750)
2023-01-11 12:45:35 WaitDialog [DEBUG] method progressLockOrRelease invoked outside EDT
java.lang.Throwable
	at de.cismet.verdis.gui.WaitDialog.inEDT(WaitDialog.java:474)
	at de.cismet.verdis.gui.WaitDialog.progressLockOrRelease(WaitDialog.java:358)
	at de.cismet.verdis.CidsAppBackend.acquireLock(CidsAppBackend.java:1108)
	at de.cismet.verdis.CidsAppBackend.acquireLocks(CidsAppBackend.java:986)
	at de.cismet.verdis.gui.Main.acquireLocks(Main.java:3995)
	at de.cismet.verdis.gui.Main$79.doInBackground(Main.java:3958)
	at de.cismet.verdis.gui.Main$79.doInBackground(Main.java:3948)
	at javax.swing.SwingWorker$1.call(SwingWorker.java:295)
	at java.util.concurrent.FutureTask.run(FutureTask.java:266)
	at javax.swing.SwingWorker.run(SwingWorker.java:334)
	at java.util.concurrent.ThreadPoolExecutor.runWorker(ThreadPoolExecutor.java:1149)
	at java.util.concurrent.ThreadPoolExecutor$Worker.run(ThreadPoolExecutor.java:624)
	at java.lang.Thread.run(Thread.java:750)
2023-01-11 12:45:35 WaitDialog [DEBUG] method progressLockOrRelease invoked outside EDT
java.lang.Throwable
	at de.cismet.verdis.gui.WaitDialog.inEDT(WaitDialog.java:474)
	at de.cismet.verdis.gui.WaitDialog.progressLockOrRelease(WaitDialog.java:358)
	at de.cismet.verdis.CidsAppBackend.acquireLock(CidsAppBackend.java:1111)
	at de.cismet.verdis.CidsAppBackend.acquireLocks(CidsAppBackend.java:986)
	at de.cismet.verdis.gui.Main.acquireLocks(Main.java:3995)
	at de.cismet.verdis.gui.Main$79.doInBackground(Main.java:3958)
	at de.cismet.verdis.gui.Main$79.doInBackground(Main.java:3948)
	at javax.swing.SwingWorker$1.call(SwingWorker.java:295)
	at java.util.concurrent.FutureTask.run(FutureTask.java:266)
	at javax.swing.SwingWorker.run(SwingWorker.java:334)
	at java.util.concurrent.ThreadPoolExecutor.runWorker(ThreadPoolExecutor.java:1149)
	at java.util.concurrent.ThreadPoolExecutor$Worker.run(ThreadPoolExecutor.java:624)
	at java.lang.Thread.run(Thread.java:750)
2023-01-11 12:45:38 WaitDialog [DEBUG] method closeDialog invoked in EDT
java.lang.Throwable
	at de.cismet.verdis.gui.WaitDialog.inEDT(WaitDialog.java:474)
	at de.cismet.verdis.gui.WaitDialog.closeDialog(WaitDialog.java:378)
	at de.cismet.verdis.gui.Main$79.done(Main.java:3981)
	at javax.swing.SwingWorker$5.run(SwingWorker.java:737)
	at javax.swing.SwingWorker$DoSubmitAccumulativeRunnable.run(SwingWorker.java:832)
	at sun.swing.AccumulativeRunnable.run(AccumulativeRunnable.java:112)
	at javax.swing.SwingWorker$DoSubmitAccumulativeRunnable.actionPerformed(SwingWorker.java:842)
	at javax.swing.Timer.fireActionPerformed(Timer.java:313)
	at javax.swing.Timer$DoPostEvent.run(Timer.java:245)
	at java.awt.event.InvocationEvent.dispatch(InvocationEvent.java:311)
	at java.awt.EventQueue.dispatchEventImpl(EventQueue.java:758)
	at java.awt.EventQueue.access$500(EventQueue.java:97)
	at java.awt.EventQueue$3.run(EventQueue.java:709)
	at java.awt.EventQueue$3.run(EventQueue.java:703)
	at java.security.AccessController.doPrivileged(Native Method)
	at java.security.ProtectionDomain$JavaSecurityAccessImpl.doIntersectionPrivilege(ProtectionDomain.java:74)
	at java.awt.EventQueue.dispatchEvent(EventQueue.java:728)
	at java.awt.EventDispatchThread.pumpOneEventForFilters(EventDispatchThread.java:205)
	at java.awt.EventDispatchThread.pumpEventsForFilter(EventDispatchThread.java:116)
	at java.awt.EventDispatchThread.pumpEventsForFilter(EventDispatchThread.java:109)
	at java.awt.WaitDispatchSupport$2.run(WaitDispatchSupport.java:190)
	at java.awt.WaitDispatchSupport$4.run(WaitDispatchSupport.java:235)
	at java.awt.WaitDispatchSupport$4.run(WaitDispatchSupport.java:233)
	at java.security.AccessController.doPrivileged(Native Method)
	at java.awt.WaitDispatchSupport.enter(WaitDispatchSupport.java:233)
	at java.awt.Dialog.show(Dialog.java:1084)
	at java.awt.Component.show(Component.java:1671)
	at java.awt.Component.setVisible(Component.java:1623)
	at java.awt.Window.setVisible(Window.java:1014)
	at java.awt.Dialog.setVisible(Dialog.java:1005)
	at de.cismet.verdis.gui.WaitDialog$15$1.run(WaitDialog.java:458)
	at java.awt.event.InvocationEvent.dispatch(InvocationEvent.java:311)
	at java.awt.EventQueue.dispatchEventImpl(EventQueue.java:758)
	at java.awt.EventQueue.access$500(EventQueue.java:97)
	at java.awt.EventQueue$3.run(EventQueue.java:709)
	at java.awt.EventQueue$3.run(EventQueue.java:703)
	at java.security.AccessController.doPrivileged(Native Method)
	at java.security.ProtectionDomain$JavaSecurityAccessImpl.doIntersectionPrivilege(ProtectionDomain.java:74)
	at java.awt.EventQueue.dispatchEvent(EventQueue.java:728)
	at java.awt.EventDispatchThread.pumpOneEventForFilters(EventDispatchThread.java:205)
	at java.awt.EventDispatchThread.pumpEventsForFilter(EventDispatchThread.java:116)
	at java.awt.EventDispatchThread.pumpEventsForHierarchy(EventDispatchThread.java:105)
	at java.awt.EventDispatchThread.pumpEvents(EventDispatchThread.java:101)
	at java.awt.EventDispatchThread.pumpEvents(EventDispatchThread.java:93)
	at java.awt.EventDispatchThread.run(EventDispatchThread.java:82)
2023-01-11 12:46:34 WaitDialog [DEBUG] method showDialog invoked in EDT
java.lang.Throwable
	at de.cismet.verdis.gui.WaitDialog.inEDT(WaitDialog.java:474)
	at de.cismet.verdis.gui.WaitDialog.showDialog(WaitDialog.java:443)
	at de.cismet.verdis.gui.WaitDialog.showDialog(WaitDialog.java:395)
	at de.cismet.verdis.gui.Main.cmdCancelActionPerformed(Main.java:3917)
	at de.cismet.verdis.gui.Main.access$3900(Main.java:284)
	at de.cismet.verdis.gui.Main$26.actionPerformed(Main.java:2390)
	at javax.swing.AbstractButton.fireActionPerformed(AbstractButton.java:2022)
	at javax.swing.AbstractButton$Handler.actionPerformed(AbstractButton.java:2348)
	at javax.swing.DefaultButtonModel.fireActionPerformed(DefaultButtonModel.java:402)
	at javax.swing.DefaultButtonModel.setPressed(DefaultButtonModel.java:259)
	at javax.swing.plaf.basic.BasicButtonListener.mouseReleased(BasicButtonListener.java:262)
	at java.awt.AWTEventMulticaster.mouseReleased(AWTEventMulticaster.java:289)
	at java.awt.Component.processMouseEvent(Component.java:6539)
	at javax.swing.JComponent.processMouseEvent(JComponent.java:3318)
	at java.awt.Component.processEvent(Component.java:6304)
	at java.awt.Container.processEvent(Container.java:2239)
	at java.awt.Component.dispatchEventImpl(Component.java:4889)
	at java.awt.Container.dispatchEventImpl(Container.java:2297)
	at java.awt.Component.dispatchEvent(Component.java:4711)
	at java.awt.LightweightDispatcher.retargetMouseEvent(Container.java:4904)
	at java.awt.LightweightDispatcher.processMouseEvent(Container.java:4535)
	at java.awt.LightweightDispatcher.dispatchEvent(Container.java:4476)
	at java.awt.Container.dispatchEventImpl(Container.java:2283)
	at java.awt.Window.dispatchEventImpl(Window.java:2746)
	at java.awt.Component.dispatchEvent(Component.java:4711)
	at java.awt.EventQueue.dispatchEventImpl(EventQueue.java:760)
	at java.awt.EventQueue.access$500(EventQueue.java:97)
	at java.awt.EventQueue$3.run(EventQueue.java:709)
	at java.awt.EventQueue$3.run(EventQueue.java:703)
	at java.security.AccessController.doPrivileged(Native Method)
	at java.security.ProtectionDomain$JavaSecurityAccessImpl.doIntersectionPrivilege(ProtectionDomain.java:74)
	at java.security.ProtectionDomain$JavaSecurityAccessImpl.doIntersectionPrivilege(ProtectionDomain.java:84)
	at java.awt.EventQueue$4.run(EventQueue.java:733)
	at java.awt.EventQueue$4.run(EventQueue.java:731)
	at java.security.AccessController.doPrivileged(Native Method)
	at java.security.ProtectionDomain$JavaSecurityAccessImpl.doIntersectionPrivilege(ProtectionDomain.java:74)
	at java.awt.EventQueue.dispatchEvent(EventQueue.java:730)
	at java.awt.EventDispatchThread.pumpOneEventForFilters(EventDispatchThread.java:205)
	at java.awt.EventDispatchThread.pumpEventsForFilter(EventDispatchThread.java:116)
	at java.awt.EventDispatchThread.pumpEventsForHierarchy(EventDispatchThread.java:105)
	at java.awt.EventDispatchThread.pumpEvents(EventDispatchThread.java:101)
	at java.awt.EventDispatchThread.pumpEvents(EventDispatchThread.java:93)
	at java.awt.EventDispatchThread.run(EventDispatchThread.java:82)
2023-01-11 12:46:35 WaitDialog [DEBUG] method startLockOrRelease invoked outside EDT
java.lang.Throwable
	at de.cismet.verdis.gui.WaitDialog.inEDT(WaitDialog.java:474)
	at de.cismet.verdis.gui.WaitDialog.startLockOrRelease(WaitDialog.java:335)
	at de.cismet.verdis.CidsAppBackend.releaseLocks(CidsAppBackend.java:1190)
	at de.cismet.verdis.CidsAppBackend.releaseLocks(CidsAppBackend.java:1178)
	at de.cismet.verdis.gui.Main.releaseLocks(Main.java:4115)
	at de.cismet.verdis.gui.Main$78.doInBackground(Main.java:3923)
	at de.cismet.verdis.gui.Main$78.doInBackground(Main.java:3918)
	at javax.swing.SwingWorker$1.call(SwingWorker.java:295)
	at java.util.concurrent.FutureTask.run(FutureTask.java:266)
	at javax.swing.SwingWorker.run(SwingWorker.java:334)
	at java.util.concurrent.ThreadPoolExecutor.runWorker(ThreadPoolExecutor.java:1149)
	at java.util.concurrent.ThreadPoolExecutor$Worker.run(ThreadPoolExecutor.java:624)
	at java.lang.Thread.run(Thread.java:750)
2023-01-11 12:46:35 WaitDialog [DEBUG] method progressLockOrRelease invoked outside EDT
java.lang.Throwable
	at de.cismet.verdis.gui.WaitDialog.inEDT(WaitDialog.java:474)
	at de.cismet.verdis.gui.WaitDialog.progressLockOrRelease(WaitDialog.java:358)
	at de.cismet.verdis.CidsAppBackend.releaseLocks(CidsAppBackend.java:1192)
	at de.cismet.verdis.CidsAppBackend.releaseLocks(CidsAppBackend.java:1178)
	at de.cismet.verdis.gui.Main.releaseLocks(Main.java:4115)
	at de.cismet.verdis.gui.Main$78.doInBackground(Main.java:3923)
	at de.cismet.verdis.gui.Main$78.doInBackground(Main.java:3918)
	at javax.swing.SwingWorker$1.call(SwingWorker.java:295)
	at java.util.concurrent.FutureTask.run(FutureTask.java:266)
	at javax.swing.SwingWorker.run(SwingWorker.java:334)
	at java.util.concurrent.ThreadPoolExecutor.runWorker(ThreadPoolExecutor.java:1149)
	at java.util.concurrent.ThreadPoolExecutor$Worker.run(ThreadPoolExecutor.java:624)
	at java.lang.Thread.run(Thread.java:750)
2023-01-11 12:46:35 WaitDialog [DEBUG] method progressLockOrRelease invoked outside EDT
java.lang.Throwable
	at de.cismet.verdis.gui.WaitDialog.inEDT(WaitDialog.java:474)
	at de.cismet.verdis.gui.WaitDialog.progressLockOrRelease(WaitDialog.java:358)
	at de.cismet.verdis.CidsAppBackend.releaseLocks(CidsAppBackend.java:1196)
	at de.cismet.verdis.CidsAppBackend.releaseLocks(CidsAppBackend.java:1178)
	at de.cismet.verdis.gui.Main.releaseLocks(Main.java:4115)
	at de.cismet.verdis.gui.Main$78.doInBackground(Main.java:3923)
	at de.cismet.verdis.gui.Main$78.doInBackground(Main.java:3918)
	at javax.swing.SwingWorker$1.call(SwingWorker.java:295)
	at java.util.concurrent.FutureTask.run(FutureTask.java:266)
	at javax.swing.SwingWorker.run(SwingWorker.java:334)
	at java.util.concurrent.ThreadPoolExecutor.runWorker(ThreadPoolExecutor.java:1149)
	at java.util.concurrent.ThreadPoolExecutor$Worker.run(ThreadPoolExecutor.java:624)
	at java.lang.Thread.run(Thread.java:750)
2023-01-11 12:46:35 WaitDialog [DEBUG] method startLoadingKassenzeichen invoked in EDT
java.lang.Throwable
	at de.cismet.verdis.gui.WaitDialog.inEDT(WaitDialog.java:474)
	at de.cismet.verdis.gui.WaitDialog.startLoadingKassenzeichen(WaitDialog.java:241)
	at de.cismet.verdis.CidsAppBackend.gotoKassenzeichen(CidsAppBackend.java:1470)
	at de.cismet.verdis.CidsAppBackend.gotoKassenzeichen(CidsAppBackend.java:1375)
	at de.cismet.verdis.gui.KassenzeichenPanel.refresh(KassenzeichenPanel.java:1030)
	at de.cismet.verdis.gui.Main$78.done(Main.java:3931)
	at javax.swing.SwingWorker$5.run(SwingWorker.java:737)
	at javax.swing.SwingWorker$DoSubmitAccumulativeRunnable.run(SwingWorker.java:832)
	at sun.swing.AccumulativeRunnable.run(AccumulativeRunnable.java:112)
	at javax.swing.SwingWorker$DoSubmitAccumulativeRunnable.actionPerformed(SwingWorker.java:842)
	at javax.swing.Timer.fireActionPerformed(Timer.java:313)
	at javax.swing.Timer$DoPostEvent.run(Timer.java:245)
	at java.awt.event.InvocationEvent.dispatch(InvocationEvent.java:311)
	at java.awt.EventQueue.dispatchEventImpl(EventQueue.java:758)
	at java.awt.EventQueue.access$500(EventQueue.java:97)
	at java.awt.EventQueue$3.run(EventQueue.java:709)
	at java.awt.EventQueue$3.run(EventQueue.java:703)
	at java.security.AccessController.doPrivileged(Native Method)
	at java.security.ProtectionDomain$JavaSecurityAccessImpl.doIntersectionPrivilege(ProtectionDomain.java:74)
	at java.awt.EventQueue.dispatchEvent(EventQueue.java:728)
	at java.awt.EventDispatchThread.pumpOneEventForFilters(EventDispatchThread.java:205)
	at java.awt.EventDispatchThread.pumpEventsForFilter(EventDispatchThread.java:116)
	at java.awt.EventDispatchThread.pumpEventsForFilter(EventDispatchThread.java:109)
	at java.awt.WaitDispatchSupport$2.run(WaitDispatchSupport.java:190)
	at java.awt.WaitDispatchSupport$4.run(WaitDispatchSupport.java:235)
	at java.awt.WaitDispatchSupport$4.run(WaitDispatchSupport.java:233)
	at java.security.AccessController.doPrivileged(Native Method)
	at java.awt.WaitDispatchSupport.enter(WaitDispatchSupport.java:233)
	at java.awt.Dialog.show(Dialog.java:1084)
	at java.awt.Component.show(Component.java:1671)
	at java.awt.Component.setVisible(Component.java:1623)
	at java.awt.Window.setVisible(Window.java:1014)
	at java.awt.Dialog.setVisible(Dialog.java:1005)
	at de.cismet.verdis.gui.WaitDialog$15$1.run(WaitDialog.java:458)
	at java.awt.event.InvocationEvent.dispatch(InvocationEvent.java:311)
	at java.awt.EventQueue.dispatchEventImpl(EventQueue.java:758)
	at java.awt.EventQueue.access$500(EventQueue.java:97)
	at java.awt.EventQueue$3.run(EventQueue.java:709)
	at java.awt.EventQueue$3.run(EventQueue.java:703)
	at java.security.AccessController.doPrivileged(Native Method)
	at java.security.ProtectionDomain$JavaSecurityAccessImpl.doIntersectionPrivilege(ProtectionDomain.java:74)
	at java.awt.EventQueue.dispatchEvent(EventQueue.java:728)
	at java.awt.EventDispatchThread.pumpOneEventForFilters(EventDispatchThread.java:205)
	at java.awt.EventDispatchThread.pumpEventsForFilter(EventDispatchThread.java:116)
	at java.awt.EventDispatchThread.pumpEventsForHierarchy(EventDispatchThread.java:105)
	at java.awt.EventDispatchThread.pumpEvents(EventDispatchThread.java:101)
	at java.awt.EventDispatchThread.pumpEvents(EventDispatchThread.java:93)
	at java.awt.EventDispatchThread.run(EventDispatchThread.java:82)
2023-01-11 12:46:35 WaitDialog [DEBUG] method closeDialog invoked in EDT
java.lang.Throwable
	at de.cismet.verdis.gui.WaitDialog.inEDT(WaitDialog.java:474)
	at de.cismet.verdis.gui.WaitDialog.closeDialog(WaitDialog.java:378)
	at de.cismet.verdis.gui.Main$78.done(Main.java:3933)
	at javax.swing.SwingWorker$5.run(SwingWorker.java:737)
	at javax.swing.SwingWorker$DoSubmitAccumulativeRunnable.run(SwingWorker.java:832)
	at sun.swing.AccumulativeRunnable.run(AccumulativeRunnable.java:112)
	at javax.swing.SwingWorker$DoSubmitAccumulativeRunnable.actionPerformed(SwingWorker.java:842)
	at javax.swing.Timer.fireActionPerformed(Timer.java:313)
	at javax.swing.Timer$DoPostEvent.run(Timer.java:245)
	at java.awt.event.InvocationEvent.dispatch(InvocationEvent.java:311)
	at java.awt.EventQueue.dispatchEventImpl(EventQueue.java:758)
	at java.awt.EventQueue.access$500(EventQueue.java:97)
	at java.awt.EventQueue$3.run(EventQueue.java:709)
	at java.awt.EventQueue$3.run(EventQueue.java:703)
	at java.security.AccessController.doPrivileged(Native Method)
	at java.security.ProtectionDomain$JavaSecurityAccessImpl.doIntersectionPrivilege(ProtectionDomain.java:74)
	at java.awt.EventQueue.dispatchEvent(EventQueue.java:728)
	at java.awt.EventDispatchThread.pumpOneEventForFilters(EventDispatchThread.java:205)
	at java.awt.EventDispatchThread.pumpEventsForFilter(EventDispatchThread.java:116)
	at java.awt.EventDispatchThread.pumpEventsForFilter(EventDispatchThread.java:109)
	at java.awt.WaitDispatchSupport$2.run(WaitDispatchSupport.java:190)
	at java.awt.WaitDispatchSupport$4.run(WaitDispatchSupport.java:235)
	at java.awt.WaitDispatchSupport$4.run(WaitDispatchSupport.java:233)
	at java.security.AccessController.doPrivileged(Native Method)
	at java.awt.WaitDispatchSupport.enter(WaitDispatchSupport.java:233)
	at java.awt.Dialog.show(Dialog.java:1084)
	at java.awt.Component.show(Component.java:1671)
	at java.awt.Component.setVisible(Component.java:1623)
	at java.awt.Window.setVisible(Window.java:1014)
	at java.awt.Dialog.setVisible(Dialog.java:1005)
	at de.cismet.verdis.gui.WaitDialog$15$1.run(WaitDialog.java:458)
	at java.awt.event.InvocationEvent.dispatch(InvocationEvent.java:311)
	at java.awt.EventQueue.dispatchEventImpl(EventQueue.java:758)
	at java.awt.EventQueue.access$500(EventQueue.java:97)
	at java.awt.EventQueue$3.run(EventQueue.java:709)
	at java.awt.EventQueue$3.run(EventQueue.java:703)
	at java.security.AccessController.doPrivileged(Native Method)
	at java.security.ProtectionDomain$JavaSecurityAccessImpl.doIntersectionPrivilege(ProtectionDomain.java:74)
	at java.awt.EventQueue.dispatchEvent(EventQueue.java:728)
	at java.awt.EventDispatchThread.pumpOneEventForFilters(EventDispatchThread.java:205)
	at java.awt.EventDispatchThread.pumpEventsForFilter(EventDispatchThread.java:116)
	at java.awt.EventDispatchThread.pumpEventsForHierarchy(EventDispatchThread.java:105)
	at java.awt.EventDispatchThread.pumpEvents(EventDispatchThread.java:101)
	at java.awt.EventDispatchThread.pumpEvents(EventDispatchThread.java:93)
	at java.awt.EventDispatchThread.run(EventDispatchThread.java:82)
2023-01-11 12:46:38 WaitDialog [DEBUG] method progressLoadingKassenzeichen invoked in EDT
java.lang.Throwable
	at de.cismet.verdis.gui.WaitDialog.inEDT(WaitDialog.java:474)
	at de.cismet.verdis.gui.WaitDialog.progressLoadingKassenzeichen(WaitDialog.java:266)
	at de.cismet.verdis.CidsAppBackend$2.done(CidsAppBackend.java:1519)
	at javax.swing.SwingWorker$5.run(SwingWorker.java:737)
	at javax.swing.SwingWorker$DoSubmitAccumulativeRunnable.run(SwingWorker.java:832)
	at sun.swing.AccumulativeRunnable.run(AccumulativeRunnable.java:112)
	at javax.swing.SwingWorker$DoSubmitAccumulativeRunnable.actionPerformed(SwingWorker.java:842)
	at javax.swing.Timer.fireActionPerformed(Timer.java:313)
	at javax.swing.Timer$DoPostEvent.run(Timer.java:245)
	at java.awt.event.InvocationEvent.dispatch(InvocationEvent.java:311)
	at java.awt.EventQueue.dispatchEventImpl(EventQueue.java:758)
	at java.awt.EventQueue.access$500(EventQueue.java:97)
	at java.awt.EventQueue$3.run(EventQueue.java:709)
	at java.awt.EventQueue$3.run(EventQueue.java:703)
	at java.security.AccessController.doPrivileged(Native Method)
	at java.security.ProtectionDomain$JavaSecurityAccessImpl.doIntersectionPrivilege(ProtectionDomain.java:74)
	at java.awt.EventQueue.dispatchEvent(EventQueue.java:728)
	at java.awt.EventDispatchThread.pumpOneEventForFilters(EventDispatchThread.java:205)
	at java.awt.EventDispatchThread.pumpEventsForFilter(EventDispatchThread.java:116)
	at java.awt.EventDispatchThread.pumpEventsForHierarchy(EventDispatchThread.java:105)
	at java.awt.EventDispatchThread.pumpEvents(EventDispatchThread.java:101)
	at java.awt.EventDispatchThread.pumpEvents(EventDispatchThread.java:93)
	at java.awt.EventDispatchThread.run(EventDispatchThread.java:82)
